build/intermediates/manifest_merge_blame_file/debug/manifest-merger-blame-debug-report.txt
1<?xml version="1.0" encoding="utf-8"?>
2<manifest xmlns:android="http://schemas.android.com/apk/res/android"
3    package="com.yourgpt.sdk" >
4
5    <uses-sdk android:minSdkVersion="21" />
6
7    <uses-permission android:name="android.permission.INTERNET" />
7-->src/main/AndroidManifest.xml:4:5-67
7-->src/main/AndroidManifest.xml:4:22-64
8    <uses-permission android:name="android.permission.ACCESS_NETWORK_STATE" />
8-->src/main/AndroidManifest.xml:5:5-79
8-->src/main/AndroidManifest.xml:5:22-76
9
10    <!-- Firebase Cloud Messaging permissions -->
11    <uses-permission android:name="android.permission.POST_NOTIFICATIONS" />
11-->src/main/AndroidManifest.xml:8:5-77
11-->src/main/AndroidManifest.xml:8:22-74
12    <uses-permission android:name="android.permission.VIBRATE" />
12-->src/main/AndroidManifest.xml:9:5-66
12-->src/main/AndroidManifest.xml:9:22-63
13    <uses-permission android:name="android.permission.WAKE_LOCK" />
13-->src/main/AndroidManifest.xml:10:5-68
13-->src/main/AndroidManifest.xml:10:22-65
14    <uses-permission android:name="android.permission.RECEIVE_BOOT_COMPLETED" />
14-->src/main/AndroidManifest.xml:11:5-81
14-->src/main/AndroidManifest.xml:11:22-78
15
16    <application>
16-->src/main/AndroidManifest.xml:13:5-40:19
17
18        <!-- Firebase Messaging Service -->
19        <service
19-->src/main/AndroidManifest.xml:15:9-21:19
20            android:name="com.yourgpt.sdk.YourGPTNotificationService"
20-->src/main/AndroidManifest.xml:16:13-55
21            android:exported="false" >
21-->src/main/AndroidManifest.xml:17:13-37
22            <intent-filter>
22-->src/main/AndroidManifest.xml:18:13-20:29
23                <action android:name="com.google.firebase.MESSAGING_EVENT" />
23-->src/main/AndroidManifest.xml:19:17-78
23-->src/main/AndroidManifest.xml:19:25-75
24            </intent-filter>
25        </service>
26
27        <!-- Firebase Messaging default settings -->
28        <meta-data
28-->src/main/AndroidManifest.xml:24:9-26:36
29            android:name="firebase_messaging_auto_init_enabled"
29-->src/main/AndroidManifest.xml:25:13-64
30            android:value="true" />
30-->src/main/AndroidManifest.xml:26:13-33
31        <meta-data
31-->src/main/AndroidManifest.xml:27:9-29:36
32            android:name="firebase_analytics_collection_enabled"
32-->src/main/AndroidManifest.xml:28:13-65
33            android:value="true" />
33-->src/main/AndroidManifest.xml:29:13-33
34
35        <!-- Default notification icon -->
36        <meta-data
36-->src/main/AndroidManifest.xml:32:9-34:67
37            android:name="com.google.firebase.messaging.default_notification_icon"
37-->src/main/AndroidManifest.xml:33:13-83
38            android:resource="@android:drawable/ic_dialog_info" />
38-->src/main/AndroidManifest.xml:34:13-64
39
40        <!-- Default notification channel -->
41        <meta-data
41-->src/main/AndroidManifest.xml:37:9-39:48
42            android:name="com.google.firebase.messaging.default_notification_channel_id"
42-->src/main/AndroidManifest.xml:38:13-89
43            android:value="yourgpt_messages" />
43-->src/main/AndroidManifest.xml:39:13-45
44    </application>
45
46</manifest>